1607794421737	mozrunner::runner	INFO	Running command: "/usr/bin/firefox" "-marionette" "-headless" "-foreground" "-no-remote" "-profile" "/tmp/rust_mozprofilepqTQLS"
*** You are running in headless mode.
console.error: SearchCache: "_readCacheFile: Error reading cache file:" (new Error("", "(unknown module)"))
1607794423475	Marionette	INFO	Listening on port 42077
1607794423543	Marionette	WARN	TLS certificate errors will be ignored for this session
JavaScript warning: https://pagead2.googlesyndication.com/bg/PbZvCEkorD5rxjWOexle1_regFmuc5-vrUA2zacPm4s.js line 1 > eval line 4231 > eval line 1 > eval, line 1: WebGL warning: <Create>: getContext: Disallowing antialiased backbuffers due to blacklisting. (FEATURE_FAILURE_GLXTEST_FAILED)
JavaScript warning: https://pagead2.googlesyndication.com/bg/PbZvCEkorD5rxjWOexle1_regFmuc5-vrUA2zacPm4s.js line 1 > eval line 4231 > eval line 1 > eval, line 1: WebGL warning: <Create>: Can't use WebGL in headless mode (https://bugzil.la/1375585).
JavaScript warning: https://pagead2.googlesyndication.com/bg/PbZvCEkorD5rxjWOexle1_regFmuc5-vrUA2zacPm4s.js line 1 > eval line 4231 > eval line 1 > eval, line 1: Failed to create WebGL context: WebGL creation failed: 
* Can't use WebGL in headless mode (https://bugzil.la/1375585).
Home directory not accessible: Permission denied
Home directory not accessible: Permission denied
Home directory not accessible: Permission denied
Home directory not accessible: Permission denied
Home directory not accessible: Permission denied
[Child 2383, MediaDecoderStateMachine #1] WARNING: 7f1e95e506d0 OpenCubeb() failed to init cubeb: file /build/firefox-39iLDY/firefox-79.0+build1/dom/media/AudioStream.cpp, line 330
[Child 2383, MediaDecoderStateMachine #1] WARNING: Decoder=7f1e95451400 [OnMediaSinkAudioError]: file /build/firefox-39iLDY/firefox-79.0+build1/dom/media/MediaDecoderStateMachine.cpp, line 3891
JavaScript error: resource://gre/actors/PictureInPictureChild.jsm, line 114: InvalidStateError: An attempt was made to use an object that is not, or is no longer, usable
Home directory not accessible: Permission denied
[Child 2383, MediaDecoderStateMachine #1] WARNING: 7f1e9507fd50 OpenCubeb() failed to init cubeb: file /build/firefox-39iLDY/firefox-79.0+build1/dom/media/AudioStream.cpp, line 330
[Child 2383, MediaDecoderStateMachine #1] WARNING: Decoder=7f1e8ebf1000 [OnMediaSinkAudioError]: file /build/firefox-39iLDY/firefox-79.0+build1/dom/media/MediaDecoderStateMachine.cpp, line 3891
1607794465492	Marionette	INFO	Stopped listening on port 42077
1608243405921	mozrunner::runner	INFO	Running command: "/usr/bin/firefox" "-marionette" "-headless" "-foreground" "-no-remote" "-profile" "/tmp/rust_mozprofilezXFZH8"
*** You are running in headless mode.
console.error: SearchCache: "_readCacheFile: Error reading cache file:" (new Error("", "(unknown module)"))
1608243408647	Marionette	INFO	Listening on port 39141
1608243408730	Marionette	WARN	TLS certificate errors will be ignored for this session
JavaScript warning: https://pagead2.googlesyndication.com/bg/PbZvCEkorD5rxjWOexle1_regFmuc5-vrUA2zacPm4s.js line 1 > eval line 5345 > eval, line 1: WebGL warning: <Create>: getContext: Disallowing antialiased backbuffers due to blacklisting. (FEATURE_FAILURE_GLXTEST_FAILED)
JavaScript warning: https://pagead2.googlesyndication.com/bg/PbZvCEkorD5rxjWOexle1_regFmuc5-vrUA2zacPm4s.js line 1 > eval line 5345 > eval, line 1: WebGL warning: <Create>: Can't use WebGL in headless mode (https://bugzil.la/1375585).
JavaScript warning: https://pagead2.googlesyndication.com/bg/PbZvCEkorD5rxjWOexle1_regFmuc5-vrUA2zacPm4s.js line 1 > eval line 5345 > eval, line 1: Failed to create WebGL context: WebGL creation failed: 
* Can't use WebGL in headless mode (https://bugzil.la/1375585).
1608243451113	Marionette	INFO	Stopped listening on port 39141
1608243767614	mozrunner::runner	INFO	Running command: "/usr/bin/firefox" "-marionette" "-headless" "-foreground" "-no-remote" "-profile" "/tmp/rust_mozprofile56m5ht"
*** You are running in headless mode.
console.error: SearchCache: "_readCacheFile: Error reading cache file:" (new Error("", "(unknown module)"))
1608243769454	Marionette	INFO	Listening on port 42325
1608243769520	Marionette	WARN	TLS certificate errors will be ignored for this session
JavaScript warning: https://pagead2.googlesyndication.com/bg/UBVKjIgL52oAupqoau5bmS4QFq3D8gEqQe5TpWWG23I.js line 1 > eval line 3816 > eval, line 1: WebGL warning: <Create>: getContext: Disallowing antialiased backbuffers due to blacklisting. (FEATURE_FAILURE_GLXTEST_FAILED)
JavaScript warning: https://pagead2.googlesyndication.com/bg/UBVKjIgL52oAupqoau5bmS4QFq3D8gEqQe5TpWWG23I.js line 1 > eval line 3816 > eval, line 1: WebGL warning: <Create>: Can't use WebGL in headless mode (https://bugzil.la/1375585).
JavaScript warning: https://pagead2.googlesyndication.com/bg/UBVKjIgL52oAupqoau5bmS4QFq3D8gEqQe5TpWWG23I.js line 1 > eval line 3816 > eval, line 1: Failed to create WebGL context: WebGL creation failed: 
* Can't use WebGL in headless mode (https://bugzil.la/1375585).
Home directory not accessible: Permission denied
Home directory not accessible: Permission denied
Home directory not accessible: Permission denied
Home directory not accessible: Permission denied
Home directory not accessible: Permission denied
[Child 407, MediaDecoderStateMachine #1] WARNING: 7f5b73e7f7e0 OpenCubeb() failed to init cubeb: file /build/firefox-39iLDY/firefox-79.0+build1/dom/media/AudioStream.cpp, line 330
[Child 407, MediaDecoderStateMachine #1] WARNING: Decoder=7f5b726d8800 [OnMediaSinkAudioError]: file /build/firefox-39iLDY/firefox-79.0+build1/dom/media/MediaDecoderStateMachine.cpp, line 3891
1608243808827	Marionette	INFO	Stopped listening on port 42325

###!!! [Parent][MessageChannel] Error: (msgtype=0xB000D,name=PBackgroundIDBDatabase::Msg_Invalidate) Channel error: cannot send/recv


###!!! [Parent][MessageChannel] Error: (msgtype=0xB000E,name=PBackgroundIDBDatabase::Msg_CloseAfterInvalidationComplete) Channel error: cannot send/recv

1608243842878	mozrunner::runner	INFO	Running command: "/usr/bin/firefox" "-marionette" "-headless" "-foreground" "-no-remote" "-profile" "/tmp/rust_mozprofileglZKtA"
*** You are running in headless mode.
console.error: SearchCache: "_readCacheFile: Error reading cache file:" (new Error("", "(unknown module)"))
1608243844765	Marionette	INFO	Listening on port 46227
1608243844784	Marionette	WARN	TLS certificate errors will be ignored for this session
JavaScript warning: https://pagead2.googlesyndication.com/bg/UBVKjIgL52oAupqoau5bmS4QFq3D8gEqQe5TpWWG23I.js line 1 > eval line 1700 > eval line 1 > eval, line 1: WebGL warning: <Create>: getContext: Disallowing antialiased backbuffers due to blacklisting. (FEATURE_FAILURE_GLXTEST_FAILED)
JavaScript warning: https://pagead2.googlesyndication.com/bg/UBVKjIgL52oAupqoau5bmS4QFq3D8gEqQe5TpWWG23I.js line 1 > eval line 1700 > eval line 1 > eval, line 1: WebGL warning: <Create>: Can't use WebGL in headless mode (https://bugzil.la/1375585).
JavaScript warning: https://pagead2.googlesyndication.com/bg/UBVKjIgL52oAupqoau5bmS4QFq3D8gEqQe5TpWWG23I.js line 1 > eval line 1700 > eval line 1 > eval, line 1: Failed to create WebGL context: WebGL creation failed: 
* Can't use WebGL in headless mode (https://bugzil.la/1375585).
JavaScript error: resource://gre/actors/PictureInPictureChild.jsm, line 114: InvalidStateError: An attempt was made to use an object that is not, or is no longer, usable
Home directory not accessible: Permission denied
Home directory not accessible: Permission denied
Home directory not accessible: Permission denied
Home directory not accessible: Permission denied
Home directory not accessible: Permission denied
[Child 743, MediaDecoderStateMachine #1] WARNING: 7eff70d49e20 OpenCubeb() failed to init cubeb: file /build/firefox-39iLDY/firefox-79.0+build1/dom/media/AudioStream.cpp, line 330
[Child 743, MediaDecoderStateMachine #1] WARNING: Decoder=7eff7b58e400 [OnMediaSinkAudioError]: file /build/firefox-39iLDY/firefox-79.0+build1/dom/media/MediaDecoderStateMachine.cpp, line 3891
1608243900616	Marionette	INFO	Stopped listening on port 46227
1608243939222	mozrunner::runner	INFO	Running command: "/usr/bin/firefox" "-marionette" "-headless" "-foreground" "-no-remote" "-profile" "/tmp/rust_mozprofileF2cA5f"
*** You are running in headless mode.
console.error: SearchCache: "_readCacheFile: Error reading cache file:" (new Error("", "(unknown module)"))
1608243940838	Marionette	INFO	Listening on port 44475
1608243940944	Marionette	WARN	TLS certificate errors will be ignored for this session
JavaScript warning: https://pagead2.googlesyndication.com/bg/UBVKjIgL52oAupqoau5bmS4QFq3D8gEqQe5TpWWG23I.js line 1 > eval line 376 > eval, line 1: WebGL warning: <Create>: getContext: Disallowing antialiased backbuffers due to blacklisting. (FEATURE_FAILURE_GLXTEST_FAILED)
JavaScript warning: https://pagead2.googlesyndication.com/bg/UBVKjIgL52oAupqoau5bmS4QFq3D8gEqQe5TpWWG23I.js line 1 > eval line 376 > eval, line 1: WebGL warning: <Create>: Can't use WebGL in headless mode (https://bugzil.la/1375585).
JavaScript warning: https://pagead2.googlesyndication.com/bg/UBVKjIgL52oAupqoau5bmS4QFq3D8gEqQe5TpWWG23I.js line 1 > eval line 376 > eval, line 1: Failed to create WebGL context: WebGL creation failed: 
* Can't use WebGL in headless mode (https://bugzil.la/1375585).
Home directory not accessible: Permission denied
Home directory not accessible: Permission denied
Home directory not accessible: Permission denied
Home directory not accessible: Permission denied
Home directory not accessible: Permission denied
[Child 1074, MediaDecoderStateMachine #1] WARNING: 7fdd1e479640 OpenCubeb() failed to init cubeb: file /build/firefox-39iLDY/firefox-79.0+build1/dom/media/AudioStream.cpp, line 330
[Child 1074, MediaDecoderStateMachine #1] WARNING: Decoder=7fdba6660000 [OnMediaSinkAudioError]: file /build/firefox-39iLDY/firefox-79.0+build1/dom/media/MediaDecoderStateMachine.cpp, line 3891
1608244006771	Marionette	INFO	Stopped listening on port 44475
1608244101621	mozrunner::runner	INFO	Running command: "/usr/bin/firefox" "-marionette" "-headless" "-foreground" "-no-remote" "-profile" "/tmp/rust_mozprofileqRSgXX"
*** You are running in headless mode.
console.error: SearchCache: "_readCacheFile: Error reading cache file:" (new Error("", "(unknown module)"))
1608244103483	Marionette	INFO	Listening on port 39151
1608244103526	Marionette	WARN	TLS certificate errors will be ignored for this session
JavaScript warning: https://pagead2.googlesyndication.com/bg/UBVKjIgL52oAupqoau5bmS4QFq3D8gEqQe5TpWWG23I.js line 1 > eval line 3195 > eval line 1 > eval, line 1: WebGL warning: <Create>: getContext: Disallowing antialiased backbuffers due to blacklisting. (FEATURE_FAILURE_GLXTEST_FAILED)
JavaScript warning: https://pagead2.googlesyndication.com/bg/UBVKjIgL52oAupqoau5bmS4QFq3D8gEqQe5TpWWG23I.js line 1 > eval line 3195 > eval line 1 > eval, line 1: WebGL warning: <Create>: Can't use WebGL in headless mode (https://bugzil.la/1375585).
JavaScript warning: https://pagead2.googlesyndication.com/bg/UBVKjIgL52oAupqoau5bmS4QFq3D8gEqQe5TpWWG23I.js line 1 > eval line 3195 > eval line 1 > eval, line 1: Failed to create WebGL context: WebGL creation failed: 
* Can't use WebGL in headless mode (https://bugzil.la/1375585).
Home directory not accessible: Permission denied
Home directory not accessible: Permission denied
Home directory not accessible: Permission denied
Home directory not accessible: Permission denied
Home directory not accessible: Permission denied
[Child 1355, MediaDecoderStateMachine #1] WARNING: 7fe2f0f93e20 OpenCubeb() failed to init cubeb: file /build/firefox-39iLDY/firefox-79.0+build1/dom/media/AudioStream.cpp, line 330
[Child 1355, MediaDecoderStateMachine #1] WARNING: Decoder=7fe1746e8800 [OnMediaSinkAudioError]: file /build/firefox-39iLDY/firefox-79.0+build1/dom/media/MediaDecoderStateMachine.cpp, line 3891
1608244171596	Marionette	INFO	Stopped listening on port 39151
1608244262483	mozrunner::runner	INFO	Running command: "/usr/bin/firefox" "-marionette" "-headless" "-foreground" "-no-remote" "-profile" "/tmp/rust_mozprofileEyuqs4"
*** You are running in headless mode.
console.error: SearchCache: "_readCacheFile: Error reading cache file:" (new Error("", "(unknown module)"))
1608244264025	Marionette	INFO	Listening on port 43269
1608244264096	Marionette	WARN	TLS certificate errors will be ignored for this session
JavaScript warning: https://pagead2.googlesyndication.com/bg/PbZvCEkorD5rxjWOexle1_regFmuc5-vrUA2zacPm4s.js line 1 > eval line 3535 > eval line 1 > eval, line 1: WebGL warning: <Create>: getContext: Disallowing antialiased backbuffers due to blacklisting. (FEATURE_FAILURE_GLXTEST_FAILED)
JavaScript warning: https://pagead2.googlesyndication.com/bg/PbZvCEkorD5rxjWOexle1_regFmuc5-vrUA2zacPm4s.js line 1 > eval line 3535 > eval line 1 > eval, line 1: WebGL warning: <Create>: Can't use WebGL in headless mode (https://bugzil.la/1375585).
JavaScript warning: https://pagead2.googlesyndication.com/bg/PbZvCEkorD5rxjWOexle1_regFmuc5-vrUA2zacPm4s.js line 1 > eval line 3535 > eval line 1 > eval, line 1: Failed to create WebGL context: WebGL creation failed: 
* Can't use WebGL in headless mode (https://bugzil.la/1375585).
Home directory not accessible: Permission denied
Home directory not accessible: Permission denied
Home directory not accessible: Permission denied
Home directory not accessible: Permission denied
Home directory not accessible: Permission denied
[Child 1698, MediaDecoderStateMachine #1] WARNING: 7f6634624460 OpenCubeb() failed to init cubeb: file /build/firefox-39iLDY/firefox-79.0+build1/dom/media/AudioStream.cpp, line 330
[Child 1698, MediaDecoderStateMachine #1] WARNING: Decoder=7f664103f800 [OnMediaSinkAudioError]: file /build/firefox-39iLDY/firefox-79.0+build1/dom/media/MediaDecoderStateMachine.cpp, line 3891
1608244332149	Marionette	INFO	Stopped listening on port 43269
1608672435089	mozrunner::runner	INFO	Running command: "/usr/bin/firefox" "-marionette" "-headless" "-foreground" "-no-remote" "-profile" "/tmp/rust_mozprofile0Aqit5"
*** You are running in headless mode.
console.error: SearchCache: "_readCacheFile: Error reading cache file:" (new Error("", "(unknown module)"))
1608672438902	Marionette	INFO	Listening on port 37527
1608672439000	Marionette	WARN	TLS certificate errors will be ignored for this session
Home directory not accessible: Permission denied
Home directory not accessible: Permission denied
Home directory not accessible: Permission denied
Home directory not accessible: Permission denied
Home directory not accessible: Permission denied
[Child 188, MediaDecoderStateMachine #1] WARNING: 7f2522aa4980 OpenCubeb() failed to init cubeb: file /build/firefox-39iLDY/firefox-79.0+build1/dom/media/AudioStream.cpp, line 330
[Child 188, MediaDecoderStateMachine #1] WARNING: Decoder=7f23940b2800 [OnMediaSinkAudioError]: file /build/firefox-39iLDY/firefox-79.0+build1/dom/media/MediaDecoderStateMachine.cpp, line 3891
JavaScript warning: https://pagead2.googlesyndication.com/bg/UBVKjIgL52oAupqoau5bmS4QFq3D8gEqQe5TpWWG23I.js line 1 > eval line 5223 > eval, line 1: WebGL warning: <Create>: getContext: Disallowing antialiased backbuffers due to blacklisting. (FEATURE_FAILURE_GLXTEST_FAILED)
JavaScript warning: https://pagead2.googlesyndication.com/bg/UBVKjIgL52oAupqoau5bmS4QFq3D8gEqQe5TpWWG23I.js line 1 > eval line 5223 > eval, line 1: WebGL warning: <Create>: Can't use WebGL in headless mode (https://bugzil.la/1375585).
JavaScript warning: https://pagead2.googlesyndication.com/bg/UBVKjIgL52oAupqoau5bmS4QFq3D8gEqQe5TpWWG23I.js line 1 > eval line 5223 > eval, line 1: Failed to create WebGL context: WebGL creation failed: 
* Can't use WebGL in headless mode (https://bugzil.la/1375585).
JavaScript error: resource://gre/actors/PictureInPictureChild.jsm, line 114: InvalidStateError: An attempt was made to use an object that is not, or is no longer, usable
Home directory not accessible: Permission denied
[Child 188, MediaDecoderStateMachine #1] WARNING: 7f23916a8cc0 OpenCubeb() failed to init cubeb: file /build/firefox-39iLDY/firefox-79.0+build1/dom/media/AudioStream.cpp, line 330
[Child 188, MediaDecoderStateMachine #1] WARNING: Decoder=7f2391bac400 [OnMediaSinkAudioError]: file /build/firefox-39iLDY/firefox-79.0+build1/dom/media/MediaDecoderStateMachine.cpp, line 3891
1608672516144	Marionette	INFO	Stopped listening on port 37527
1608673031944	mozrunner::runner	INFO	Running command: "/usr/bin/firefox" "-marionette" "-headless" "-foreground" "-no-remote" "-profile" "/tmp/rust_mozprofile2SIfPW"
*** You are running in headless mode.
console.error: SearchCache: "_readCacheFile: Error reading cache file:" (new Error("", "(unknown module)"))
1608673033735	Marionette	INFO	Listening on port 42743
1608673033762	Marionette	WARN	TLS certificate errors will be ignored for this session
Home directory not accessible: Permission denied
Home directory not accessible: Permission denied
Home directory not accessible: Permission denied
Home directory not accessible: Permission denied
Home directory not accessible: Permission denied
[Child 484, MediaDecoderStateMachine #1] WARNING: 7fb13af33ef0 OpenCubeb() failed to init cubeb: file /build/firefox-39iLDY/firefox-79.0+build1/dom/media/AudioStream.cpp, line 330
[Child 484, MediaDecoderStateMachine #1] WARNING: Decoder=7faf8e656000 [OnMediaSinkAudioError]: file /build/firefox-39iLDY/firefox-79.0+build1/dom/media/MediaDecoderStateMachine.cpp, line 3891
JavaScript warning: https://pagead2.googlesyndication.com/bg/PbZvCEkorD5rxjWOexle1_regFmuc5-vrUA2zacPm4s.js line 1 > eval line 5512 > eval line 1 > eval, line 1: WebGL warning: <Create>: getContext: Disallowing antialiased backbuffers due to blacklisting. (FEATURE_FAILURE_GLXTEST_FAILED)
JavaScript warning: https://pagead2.googlesyndication.com/bg/PbZvCEkorD5rxjWOexle1_regFmuc5-vrUA2zacPm4s.js line 1 > eval line 5512 > eval line 1 > eval, line 1: WebGL warning: <Create>: Can't use WebGL in headless mode (https://bugzil.la/1375585).
JavaScript warning: https://pagead2.googlesyndication.com/bg/PbZvCEkorD5rxjWOexle1_regFmuc5-vrUA2zacPm4s.js line 1 > eval line 5512 > eval line 1 > eval, line 1: Failed to create WebGL context: WebGL creation failed: 
* Can't use WebGL in headless mode (https://bugzil.la/1375585).
1608673138296	mozrunner::runner	INFO	Running command: "/usr/bin/firefox" "-marionette" "-headless" "-foreground" "-no-remote" "-profile" "/tmp/rust_mozprofileroeGEE"
*** You are running in headless mode.
console.error: SearchCache: "_readCacheFile: Error reading cache file:" (new Error("", "(unknown module)"))
1608673140186	Marionette	INFO	Listening on port 38937
1608673140203	Marionette	WARN	TLS certificate errors will be ignored for this session
Home directory not accessible: Permission denied
Home directory not accessible: Permission denied
Home directory not accessible: Permission denied
Home directory not accessible: Permission denied
Home directory not accessible: Permission denied
[Child 769, MediaDecoderStateMachine #1] WARNING: 7f46b0e55cc0 OpenCubeb() failed to init cubeb: file /build/firefox-39iLDY/firefox-79.0+build1/dom/media/AudioStream.cpp, line 330
[Child 769, MediaDecoderStateMachine #1] WARNING: Decoder=7f46ae71a800 [OnMediaSinkAudioError]: file /build/firefox-39iLDY/firefox-79.0+build1/dom/media/MediaDecoderStateMachine.cpp, line 3891
JavaScript warning: https://pagead2.googlesyndication.com/bg/PbZvCEkorD5rxjWOexle1_regFmuc5-vrUA2zacPm4s.js line 1 > eval line 3475 > eval, line 1: WebGL warning: <Create>: getContext: Disallowing antialiased backbuffers due to blacklisting. (FEATURE_FAILURE_GLXTEST_FAILED)
JavaScript warning: https://pagead2.googlesyndication.com/bg/PbZvCEkorD5rxjWOexle1_regFmuc5-vrUA2zacPm4s.js line 1 > eval line 3475 > eval, line 1: WebGL warning: <Create>: Can't use WebGL in headless mode (https://bugzil.la/1375585).
JavaScript warning: https://pagead2.googlesyndication.com/bg/PbZvCEkorD5rxjWOexle1_regFmuc5-vrUA2zacPm4s.js line 1 > eval line 3475 > eval, line 1: Failed to create WebGL context: WebGL creation failed: 
* Can't use WebGL in headless mode (https://bugzil.la/1375585).
1608673344888	mozrunner::runner	INFO	Running command: "/usr/bin/firefox" "-marionette" "-headless" "-foreground" "-no-remote" "-profile" "/tmp/rust_mozprofileJOZHQ7"
*** You are running in headless mode.
console.error: SearchCache: "_readCacheFile: Error reading cache file:" (new Error("", "(unknown module)"))
1608673346679	Marionette	INFO	Listening on port 40345
1608673346711	Marionette	WARN	TLS certificate errors will be ignored for this session
Home directory not accessible: Permission denied
Home directory not accessible: Permission denied
Home directory not accessible: Permission denied
Home directory not accessible: Permission denied
Home directory not accessible: Permission denied
[Child 1084, MediaDecoderStateMachine #1] WARNING: 7f6d85210390 OpenCubeb() failed to init cubeb: file /build/firefox-39iLDY/firefox-79.0+build1/dom/media/AudioStream.cpp, line 330
[Child 1084, MediaDecoderStateMachine #1] WARNING: Decoder=7f6c00186000 [OnMediaSinkAudioError]: file /build/firefox-39iLDY/firefox-79.0+build1/dom/media/MediaDecoderStateMachine.cpp, line 3891
JavaScript warning: https://pagead2.googlesyndication.com/bg/PbZvCEkorD5rxjWOexle1_regFmuc5-vrUA2zacPm4s.js line 1 > eval line 2628 > eval line 1 > eval, line 1: WebGL warning: <Create>: getContext: Disallowing antialiased backbuffers due to blacklisting. (FEATURE_FAILURE_GLXTEST_FAILED)
JavaScript warning: https://pagead2.googlesyndication.com/bg/PbZvCEkorD5rxjWOexle1_regFmuc5-vrUA2zacPm4s.js line 1 > eval line 2628 > eval line 1 > eval, line 1: WebGL warning: <Create>: Can't use WebGL in headless mode (https://bugzil.la/1375585).
JavaScript warning: https://pagead2.googlesyndication.com/bg/PbZvCEkorD5rxjWOexle1_regFmuc5-vrUA2zacPm4s.js line 1 > eval line 2628 > eval line 1 > eval, line 1: Failed to create WebGL context: WebGL creation failed: 
* Can't use WebGL in headless mode (https://bugzil.la/1375585).
1608673423192	mozrunner::runner	INFO	Running command: "/usr/bin/firefox" "-marionette" "-headless" "-foreground" "-no-remote" "-profile" "/tmp/rust_mozprofilemc2xb2"
*** You are running in headless mode.
console.error: SearchCache: "_readCacheFile: Error reading cache file:" (new Error("", "(unknown module)"))
1608673424906	Marionette	INFO	Listening on port 40129
1608673425011	Marionette	WARN	TLS certificate errors will be ignored for this session
Home directory not accessible: Permission denied
Home directory not accessible: Permission denied
Home directory not accessible: Permission denied
Home directory not accessible: Permission denied
Home directory not accessible: Permission denied
[Child 1435, MediaDecoderStateMachine #1] WARNING: 7fb368f03d50 OpenCubeb() failed to init cubeb: file /build/firefox-39iLDY/firefox-79.0+build1/dom/media/AudioStream.cpp, line 330
[Child 1435, MediaDecoderStateMachine #1] WARNING: Decoder=7fb37323e400 [OnMediaSinkAudioError]: file /build/firefox-39iLDY/firefox-79.0+build1/dom/media/MediaDecoderStateMachine.cpp, line 3891
JavaScript warning: https://pagead2.googlesyndication.com/bg/UBVKjIgL52oAupqoau5bmS4QFq3D8gEqQe5TpWWG23I.js line 1 > eval line 7015 > eval, line 1: WebGL warning: <Create>: getContext: Disallowing antialiased backbuffers due to blacklisting. (FEATURE_FAILURE_GLXTEST_FAILED)
JavaScript warning: https://pagead2.googlesyndication.com/bg/UBVKjIgL52oAupqoau5bmS4QFq3D8gEqQe5TpWWG23I.js line 1 > eval line 7015 > eval, line 1: WebGL warning: <Create>: Can't use WebGL in headless mode (https://bugzil.la/1375585).
JavaScript warning: https://pagead2.googlesyndication.com/bg/UBVKjIgL52oAupqoau5bmS4QFq3D8gEqQe5TpWWG23I.js line 1 > eval line 7015 > eval, line 1: Failed to create WebGL context: WebGL creation failed: 
* Can't use WebGL in headless mode (https://bugzil.la/1375585).
1608673734025	mozrunner::runner	INFO	Running command: "/usr/bin/firefox" "-marionette" "-headless" "-foreground" "-no-remote" "-profile" "/tmp/rust_mozprofileCCjSDM"
*** You are running in headless mode.
console.error: SearchCache: "_readCacheFile: Error reading cache file:" (new Error("", "(unknown module)"))
1608673735754	Marionette	INFO	Listening on port 41201
1608673735831	Marionette	WARN	TLS certificate errors will be ignored for this session
Home directory not accessible: Permission denied
Home directory not accessible: Permission denied
Home directory not accessible: Permission denied
Home directory not accessible: Permission denied
Home directory not accessible: Permission denied
[Child 1806, MediaDecoderStateMachine #1] WARNING: 7fe22cf2bef0 OpenCubeb() failed to init cubeb: file /build/firefox-39iLDY/firefox-79.0+build1/dom/media/AudioStream.cpp, line 330
[Child 1806, MediaDecoderStateMachine #1] WARNING: Decoder=7fe22c5f0800 [OnMediaSinkAudioError]: file /build/firefox-39iLDY/firefox-79.0+build1/dom/media/MediaDecoderStateMachine.cpp, line 3891
JavaScript warning: https://pagead2.googlesyndication.com/bg/UBVKjIgL52oAupqoau5bmS4QFq3D8gEqQe5TpWWG23I.js line 1 > eval line 1068 > eval line 1 > eval, line 1: WebGL warning: <Create>: getContext: Disallowing antialiased backbuffers due to blacklisting. (FEATURE_FAILURE_GLXTEST_FAILED)
JavaScript warning: https://pagead2.googlesyndication.com/bg/UBVKjIgL52oAupqoau5bmS4QFq3D8gEqQe5TpWWG23I.js line 1 > eval line 1068 > eval line 1 > eval, line 1: WebGL warning: <Create>: Can't use WebGL in headless mode (https://bugzil.la/1375585).
JavaScript warning: https://pagead2.googlesyndication.com/bg/UBVKjIgL52oAupqoau5bmS4QFq3D8gEqQe5TpWWG23I.js line 1 > eval line 1068 > eval line 1 > eval, line 1: Failed to create WebGL context: WebGL creation failed: 
* Can't use WebGL in headless mode (https://bugzil.la/1375585).
1608673768959	mozrunner::runner	INFO	Running command: "/usr/bin/firefox" "-marionette" "-headless" "-foreground" "-no-remote" "-profile" "/tmp/rust_mozprofilezCtBmj"
*** You are running in headless mode.
console.error: SearchCache: "_readCacheFile: Error reading cache file:" (new Error("", "(unknown module)"))
1608673770838	Marionette	INFO	Listening on port 40911
1608673770867	Marionette	WARN	TLS certificate errors will be ignored for this session
Home directory not accessible: Permission denied
Home directory not accessible: Permission denied
Home directory not accessible: Permission denied
Home directory not accessible: Permission denied
Home directory not accessible: Permission denied
[Child 2123, MediaDecoderStateMachine #1] WARNING: 7fd8d07fb980 OpenCubeb() failed to init cubeb: file /build/firefox-39iLDY/firefox-79.0+build1/dom/media/AudioStream.cpp, line 330
[Child 2123, MediaDecoderStateMachine #1] WARNING: Decoder=7fd73f413c00 [OnMediaSinkAudioError]: file /build/firefox-39iLDY/firefox-79.0+build1/dom/media/MediaDecoderStateMachine.cpp, line 3891
JavaScript warning: https://pagead2.googlesyndication.com/bg/UBVKjIgL52oAupqoau5bmS4QFq3D8gEqQe5TpWWG23I.js line 1 > eval line 2360 > eval line 1 > eval, line 1: WebGL warning: <Create>: getContext: Disallowing antialiased backbuffers due to blacklisting. (FEATURE_FAILURE_GLXTEST_FAILED)
JavaScript warning: https://pagead2.googlesyndication.com/bg/UBVKjIgL52oAupqoau5bmS4QFq3D8gEqQe5TpWWG23I.js line 1 > eval line 2360 > eval line 1 > eval, line 1: WebGL warning: <Create>: Can't use WebGL in headless mode (https://bugzil.la/1375585).
JavaScript warning: https://pagead2.googlesyndication.com/bg/UBVKjIgL52oAupqoau5bmS4QFq3D8gEqQe5TpWWG23I.js line 1 > eval line 2360 > eval line 1 > eval, line 1: Failed to create WebGL context: WebGL creation failed: 
* Can't use WebGL in headless mode (https://bugzil.la/1375585).
1608673880645	mozrunner::runner	INFO	Running command: "/usr/bin/firefox" "-marionette" "-headless" "-foreground" "-no-remote" "-profile" "/tmp/rust_mozprofileNVLAOl"
*** You are running in headless mode.
console.error: SearchCache: "_readCacheFile: Error reading cache file:" (new Error("", "(unknown module)"))
1608673882485	Marionette	INFO	Listening on port 45071
1608673882558	Marionette	WARN	TLS certificate errors will be ignored for this session
Home directory not accessible: Permission denied
Home directory not accessible: Permission denied
Home directory not accessible: Permission denied
Home directory not accessible: Permission denied
Home directory not accessible: Permission denied
[Child 2452, MediaDecoderStateMachine #1] WARNING: 7f7ba6e03d90 OpenCubeb() failed to init cubeb: file /build/firefox-39iLDY/firefox-79.0+build1/dom/media/AudioStream.cpp, line 330
[Child 2452, MediaDecoderStateMachine #1] WARNING: Decoder=7f7a14f83000 [OnMediaSinkAudioError]: file /build/firefox-39iLDY/firefox-79.0+build1/dom/media/MediaDecoderStateMachine.cpp, line 3891
JavaScript warning: https://pagead2.googlesyndication.com/bg/PbZvCEkorD5rxjWOexle1_regFmuc5-vrUA2zacPm4s.js line 1 > eval line 2709 > eval line 1 > eval, line 1: WebGL warning: <Create>: getContext: Disallowing antialiased backbuffers due to blacklisting. (FEATURE_FAILURE_GLXTEST_FAILED)
JavaScript warning: https://pagead2.googlesyndication.com/bg/PbZvCEkorD5rxjWOexle1_regFmuc5-vrUA2zacPm4s.js line 1 > eval line 2709 > eval line 1 > eval, line 1: WebGL warning: <Create>: Can't use WebGL in headless mode (https://bugzil.la/1375585).
JavaScript warning: https://pagead2.googlesyndication.com/bg/PbZvCEkorD5rxjWOexle1_regFmuc5-vrUA2zacPm4s.js line 1 > eval line 2709 > eval line 1 > eval, line 1: Failed to create WebGL context: WebGL creation failed: 
* Can't use WebGL in headless mode (https://bugzil.la/1375585).
1608674039120	mozrunner::runner	INFO	Running command: "/usr/bin/firefox" "-marionette" "-headless" "-foreground" "-no-remote" "-profile" "/tmp/rust_mozprofile3yN0fF"
*** You are running in headless mode.
console.error: SearchCache: "_readCacheFile: Error reading cache file:" (new Error("", "(unknown module)"))
1608674041391	Marionette	INFO	Listening on port 41905
1608674041432	Marionette	WARN	TLS certificate errors will be ignored for this session
Home directory not accessible: Permission denied
Home directory not accessible: Permission denied
Home directory not accessible: Permission denied
Home directory not accessible: Permission denied
Home directory not accessible: Permission denied
[Child 2833, MediaDecoderStateMachine #1] WARNING: 7f6aa29992c0 OpenCubeb() failed to init cubeb: file /build/firefox-39iLDY/firefox-79.0+build1/dom/media/AudioStream.cpp, line 330
[Child 2833, MediaDecoderStateMachine #1] WARNING: Decoder=7f6aa308f400 [OnMediaSinkAudioError]: file /build/firefox-39iLDY/firefox-79.0+build1/dom/media/MediaDecoderStateMachine.cpp, line 3891
JavaScript warning: https://pagead2.googlesyndication.com/bg/UBVKjIgL52oAupqoau5bmS4QFq3D8gEqQe5TpWWG23I.js line 1 > eval line 2341 > eval line 1 > eval, line 1: WebGL warning: <Create>: getContext: Disallowing antialiased backbuffers due to blacklisting. (FEATURE_FAILURE_GLXTEST_FAILED)
JavaScript warning: https://pagead2.googlesyndication.com/bg/UBVKjIgL52oAupqoau5bmS4QFq3D8gEqQe5TpWWG23I.js line 1 > eval line 2341 > eval line 1 > eval, line 1: WebGL warning: <Create>: Can't use WebGL in headless mode (https://bugzil.la/1375585).
JavaScript warning: https://pagead2.googlesyndication.com/bg/UBVKjIgL52oAupqoau5bmS4QFq3D8gEqQe5TpWWG23I.js line 1 > eval line 2341 > eval line 1 > eval, line 1: Failed to create WebGL context: WebGL creation failed: 
* Can't use WebGL in headless mode (https://bugzil.la/1375585).
1608674148426	mozrunner::runner	INFO	Running command: "/usr/bin/firefox" "-marionette" "-headless" "-foreground" "-no-remote" "-profile" "/tmp/rust_mozprofileq46zsl"
*** You are running in headless mode.
console.error: SearchCache: "_readCacheFile: Error reading cache file:" (new Error("", "(unknown module)"))
1608674149796	Marionette	INFO	Listening on port 42625
1608674149855	Marionette	WARN	TLS certificate errors will be ignored for this session
Home directory not accessible: Permission denied
Home directory not accessible: Permission denied
Home directory not accessible: Permission denied
Home directory not accessible: Permission denied
Home directory not accessible: Permission denied
[Child 3177, MediaDecoderStateMachine #1] WARNING: 7f956f587980 OpenCubeb() failed to init cubeb: file /build/firefox-39iLDY/firefox-79.0+build1/dom/media/AudioStream.cpp, line 330
[Child 3177, MediaDecoderStateMachine #1] WARNING: Decoder=7f93dfdc1000 [OnMediaSinkAudioError]: file /build/firefox-39iLDY/firefox-79.0+build1/dom/media/MediaDecoderStateMachine.cpp, line 3891
JavaScript warning: https://pagead2.googlesyndication.com/bg/PbZvCEkorD5rxjWOexle1_regFmuc5-vrUA2zacPm4s.js line 1 > eval line 7023 > eval line 1 > eval, line 1: WebGL warning: <Create>: getContext: Disallowing antialiased backbuffers due to blacklisting. (FEATURE_FAILURE_GLXTEST_FAILED)
JavaScript warning: https://pagead2.googlesyndication.com/bg/PbZvCEkorD5rxjWOexle1_regFmuc5-vrUA2zacPm4s.js line 1 > eval line 7023 > eval line 1 > eval, line 1: WebGL warning: <Create>: Can't use WebGL in headless mode (https://bugzil.la/1375585).
JavaScript warning: https://pagead2.googlesyndication.com/bg/PbZvCEkorD5rxjWOexle1_regFmuc5-vrUA2zacPm4s.js line 1 > eval line 7023 > eval line 1 > eval, line 1: Failed to create WebGL context: WebGL creation failed: 
* Can't use WebGL in headless mode (https://bugzil.la/1375585).
1608674555914	mozrunner::runner	INFO	Running command: "/usr/bin/firefox" "-marionette" "-headless" "-foreground" "-no-remote" "-profile" "/tmp/rust_mozprofileXBdn6o"
*** You are running in headless mode.
console.error: SearchCache: "_readCacheFile: Error reading cache file:" (new Error("", "(unknown module)"))
1608674557748	Marionette	INFO	Listening on port 33113
1608674557828	Marionette	WARN	TLS certificate errors will be ignored for this session
Home directory not accessible: Permission denied
Home directory not accessible: Permission denied
Home directory not accessible: Permission denied
Home directory not accessible: Permission denied
Home directory not accessible: Permission denied
[Child 3638, MediaDecoderStateMachine #1] WARNING: 7f28111f1390 OpenCubeb() failed to init cubeb: file /build/firefox-39iLDY/firefox-79.0+build1/dom/media/AudioStream.cpp, line 330
[Child 3638, MediaDecoderStateMachine #1] WARNING: Decoder=7f2810bc2400 [OnMediaSinkAudioError]: file /build/firefox-39iLDY/firefox-79.0+build1/dom/media/MediaDecoderStateMachine.cpp, line 3891
JavaScript warning: https://pagead2.googlesyndication.com/bg/PbZvCEkorD5rxjWOexle1_regFmuc5-vrUA2zacPm4s.js line 1 > eval line 2394 > eval, line 1: WebGL warning: <Create>: getContext: Disallowing antialiased backbuffers due to blacklisting. (FEATURE_FAILURE_GLXTEST_FAILED)
JavaScript warning: https://pagead2.googlesyndication.com/bg/PbZvCEkorD5rxjWOexle1_regFmuc5-vrUA2zacPm4s.js line 1 > eval line 2394 > eval, line 1: WebGL warning: <Create>: Can't use WebGL in headless mode (https://bugzil.la/1375585).
JavaScript warning: https://pagead2.googlesyndication.com/bg/PbZvCEkorD5rxjWOexle1_regFmuc5-vrUA2zacPm4s.js line 1 > eval line 2394 > eval, line 1: Failed to create WebGL context: WebGL creation failed: 
* Can't use WebGL in headless mode (https://bugzil.la/1375585).
1608674605527	mozrunner::runner	INFO	Running command: "/usr/bin/firefox" "-marionette" "-headless" "-foreground" "-no-remote" "-profile" "/tmp/rust_mozprofiledoEEuM"
*** You are running in headless mode.
console.error: SearchCache: "_readCacheFile: Error reading cache file:" (new Error("", "(unknown module)"))
1608674607550	Marionette	INFO	Listening on port 46681
1608674607651	Marionette	WARN	TLS certificate errors will be ignored for this session
Home directory not accessible: Permission denied
Home directory not accessible: Permission denied
Home directory not accessible: Permission denied
Home directory not accessible: Permission denied
Home directory not accessible: Permission denied
[Child 3985, MediaDecoderStateMachine #1] WARNING: 7f4c86be4c80 OpenCubeb() failed to init cubeb: file /build/firefox-39iLDY/firefox-79.0+build1/dom/media/AudioStream.cpp, line 330
[Child 3985, MediaDecoderStateMachine #1] WARNING: Decoder=7f4af80eec00 [OnMediaSinkAudioError]: file /build/firefox-39iLDY/firefox-79.0+build1/dom/media/MediaDecoderStateMachine.cpp, line 3891
JavaScript warning: https://pagead2.googlesyndication.com/bg/UBVKjIgL52oAupqoau5bmS4QFq3D8gEqQe5TpWWG23I.js line 1 > eval line 4326 > eval, line 1: WebGL warning: <Create>: getContext: Disallowing antialiased backbuffers due to blacklisting. (FEATURE_FAILURE_GLXTEST_FAILED)
JavaScript warning: https://pagead2.googlesyndication.com/bg/UBVKjIgL52oAupqoau5bmS4QFq3D8gEqQe5TpWWG23I.js line 1 > eval line 4326 > eval, line 1: WebGL warning: <Create>: Can't use WebGL in headless mode (https://bugzil.la/1375585).
JavaScript warning: https://pagead2.googlesyndication.com/bg/UBVKjIgL52oAupqoau5bmS4QFq3D8gEqQe5TpWWG23I.js line 1 > eval line 4326 > eval, line 1: Failed to create WebGL context: WebGL creation failed: 
* Can't use WebGL in headless mode (https://bugzil.la/1375585).
1608674633129	Marionette	INFO	Stopped listening on port 46681
1608674751079	mozrunner::runner	INFO	Running command: "/usr/bin/firefox" "-marionette" "-headless" "-foreground" "-no-remote" "-profile" "/tmp/rust_mozprofilerffDvx"
*** You are running in headless mode.
console.error: SearchCache: "_readCacheFile: Error reading cache file:" (new Error("", "(unknown module)"))
1608674753004	Marionette	INFO	Listening on port 44481
1608674753085	Marionette	WARN	TLS certificate errors will be ignored for this session
Home directory not accessible: Permission denied
Home directory not accessible: Permission denied
Home directory not accessible: Permission denied
Home directory not accessible: Permission denied
Home directory not accessible: Permission denied
[Child 4381, MediaDecoderStateMachine #1] WARNING: 7fe1ff8933d0 OpenCubeb() failed to init cubeb: file /build/firefox-39iLDY/firefox-79.0+build1/dom/media/AudioStream.cpp, line 330
[Child 4381, MediaDecoderStateMachine #1] WARNING: Decoder=7fe07b4c9c00 [OnMediaSinkAudioError]: file /build/firefox-39iLDY/firefox-79.0+build1/dom/media/MediaDecoderStateMachine.cpp, line 3891
JavaScript warning: https://pagead2.googlesyndication.com/bg/UBVKjIgL52oAupqoau5bmS4QFq3D8gEqQe5TpWWG23I.js line 1 > eval line 7165 > eval, line 1: WebGL warning: <Create>: getContext: Disallowing antialiased backbuffers due to blacklisting. (FEATURE_FAILURE_GLXTEST_FAILED)
JavaScript warning: https://pagead2.googlesyndication.com/bg/UBVKjIgL52oAupqoau5bmS4QFq3D8gEqQe5TpWWG23I.js line 1 > eval line 7165 > eval, line 1: WebGL warning: <Create>: Can't use WebGL in headless mode (https://bugzil.la/1375585).
JavaScript warning: https://pagead2.googlesyndication.com/bg/UBVKjIgL52oAupqoau5bmS4QFq3D8gEqQe5TpWWG23I.js line 1 > eval line 7165 > eval, line 1: Failed to create WebGL context: WebGL creation failed: 
* Can't use WebGL in headless mode (https://bugzil.la/1375585).
1608674895025	mozrunner::runner	INFO	Running command: "/usr/bin/firefox" "-marionette" "-headless" "-foreground" "-no-remote" "-profile" "/tmp/rust_mozprofileVOrddW"
*** You are running in headless mode.
console.error: SearchCache: "_readCacheFile: Error reading cache file:" (new Error("", "(unknown module)"))
1608674896745	Marionette	INFO	Listening on port 41849
1608674896836	Marionette	WARN	TLS certificate errors will be ignored for this session
Home directory not accessible: Permission denied
Home directory not accessible: Permission denied
Home directory not accessible: Permission denied
Home directory not accessible: Permission denied
Home directory not accessible: Permission denied
[Child 4730, MediaDecoderStateMachine #1] WARNING: 7f1e9a82ca50 OpenCubeb() failed to init cubeb: file /build/firefox-39iLDY/firefox-79.0+build1/dom/media/AudioStream.cpp, line 330
[Child 4730, MediaDecoderStateMachine #1] WARNING: Decoder=7f1d1863a800 [OnMediaSinkAudioError]: file /build/firefox-39iLDY/firefox-79.0+build1/dom/media/MediaDecoderStateMachine.cpp, line 3891
JavaScript warning: https://pagead2.googlesyndication.com/bg/UBVKjIgL52oAupqoau5bmS4QFq3D8gEqQe5TpWWG23I.js line 1 > eval line 172 > eval, line 1: WebGL warning: <Create>: getContext: Disallowing antialiased backbuffers due to blacklisting. (FEATURE_FAILURE_GLXTEST_FAILED)
JavaScript warning: https://pagead2.googlesyndication.com/bg/UBVKjIgL52oAupqoau5bmS4QFq3D8gEqQe5TpWWG23I.js line 1 > eval line 172 > eval, line 1: WebGL warning: <Create>: Can't use WebGL in headless mode (https://bugzil.la/1375585).
JavaScript warning: https://pagead2.googlesyndication.com/bg/UBVKjIgL52oAupqoau5bmS4QFq3D8gEqQe5TpWWG23I.js line 1 > eval line 172 > eval, line 1: Failed to create WebGL context: WebGL creation failed: 
* Can't use WebGL in headless mode (https://bugzil.la/1375585).
1608674922383	Marionette	INFO	Stopped listening on port 41849
1608675111193	mozrunner::runner	INFO	Running command: "/usr/bin/firefox" "-marionette" "-headless" "-foreground" "-no-remote" "-profile" "/tmp/rust_mozprofileNb7Jui"
*** You are running in headless mode.
console.error: SearchCache: "_readCacheFile: Error reading cache file:" (new Error("", "(unknown module)"))
1608675113186	Marionette	INFO	Listening on port 39953
1608675113199	Marionette	WARN	TLS certificate errors will be ignored for this session
Home directory not accessible: Permission denied
Home directory not accessible: Permission denied
Home directory not accessible: Permission denied
Home directory not accessible: Permission denied
Home directory not accessible: Permission denied
[Child 5161, MediaDecoderStateMachine #1] WARNING: 7f9ceb919090 OpenCubeb() failed to init cubeb: file /build/firefox-39iLDY/firefox-79.0+build1/dom/media/AudioStream.cpp, line 330
[Child 5161, MediaDecoderStateMachine #1] WARNING: Decoder=7f9e6fe33c00 [OnMediaSinkAudioError]: file /build/firefox-39iLDY/firefox-79.0+build1/dom/media/MediaDecoderStateMachine.cpp, line 3891
JavaScript warning: https://pagead2.googlesyndication.com/bg/UBVKjIgL52oAupqoau5bmS4QFq3D8gEqQe5TpWWG23I.js line 1 > eval line 3181 > eval line 1 > eval, line 1: WebGL warning: <Create>: getContext: Disallowing antialiased backbuffers due to blacklisting. (FEATURE_FAILURE_GLXTEST_FAILED)
JavaScript warning: https://pagead2.googlesyndication.com/bg/UBVKjIgL52oAupqoau5bmS4QFq3D8gEqQe5TpWWG23I.js line 1 > eval line 3181 > eval line 1 > eval, line 1: WebGL warning: <Create>: Can't use WebGL in headless mode (https://bugzil.la/1375585).
JavaScript warning: https://pagead2.googlesyndication.com/bg/UBVKjIgL52oAupqoau5bmS4QFq3D8gEqQe5TpWWG23I.js line 1 > eval line 3181 > eval line 1 > eval, line 1: Failed to create WebGL context: WebGL creation failed: 
* Can't use WebGL in headless mode (https://bugzil.la/1375585).
1608675138859	Marionette	INFO	Stopped listening on port 39953
1608675285338	mozrunner::runner	INFO	Running command: "/usr/bin/firefox" "-marionette" "-headless" "-foreground" "-no-remote" "-profile" "/tmp/rust_mozprofilej5yM7e"
*** You are running in headless mode.
console.error: SearchCache: "_readCacheFile: Error reading cache file:" (new Error("", "(unknown module)"))
1608675287135	Marionette	INFO	Listening on port 42509
1608675287155	Marionette	WARN	TLS certificate errors will be ignored for this session
Home directory not accessible: Permission denied
Home directory not accessible: Permission denied
Home directory not accessible: Permission denied
Home directory not accessible: Permission denied
Home directory not accessible: Permission denied
[Child 5573, MediaDecoderStateMachine #1] WARNING: 7f32446cde60 OpenCubeb() failed to init cubeb: file /build/firefox-39iLDY/firefox-79.0+build1/dom/media/AudioStream.cpp, line 330
[Child 5573, MediaDecoderStateMachine #1] WARNING: Decoder=7f30b176cc00 [OnMediaSinkAudioError]: file /build/firefox-39iLDY/firefox-79.0+build1/dom/media/MediaDecoderStateMachine.cpp, line 3891
JavaScript warning: https://pagead2.googlesyndication.com/bg/UBVKjIgL52oAupqoau5bmS4QFq3D8gEqQe5TpWWG23I.js line 1 > eval line 899 > eval line 1 > eval, line 1: WebGL warning: <Create>: getContext: Disallowing antialiased backbuffers due to blacklisting. (FEATURE_FAILURE_GLXTEST_FAILED)
JavaScript warning: https://pagead2.googlesyndication.com/bg/UBVKjIgL52oAupqoau5bmS4QFq3D8gEqQe5TpWWG23I.js line 1 > eval line 899 > eval line 1 > eval, line 1: WebGL warning: <Create>: Can't use WebGL in headless mode (https://bugzil.la/1375585).
JavaScript warning: https://pagead2.googlesyndication.com/bg/UBVKjIgL52oAupqoau5bmS4QFq3D8gEqQe5TpWWG23I.js line 1 > eval line 899 > eval line 1 > eval, line 1: Failed to create WebGL context: WebGL creation failed: 
* Can't use WebGL in headless mode (https://bugzil.la/1375585).
1608675331301	Marionette	INFO	Stopped listening on port 42509
1608675683178	mozrunner::runner	INFO	Running command: "/usr/bin/firefox" "-marionette" "-headless" "-foreground" "-no-remote" "-profile" "/tmp/rust_mozprofile7J47My"
*** You are running in headless mode.
console.error: SearchCache: "_readCacheFile: Error reading cache file:" (new Error("", "(unknown module)"))
1608675684889	Marionette	INFO	Listening on port 41827
1608675685004	Marionette	WARN	TLS certificate errors will be ignored for this session
Home directory not accessible: Permission denied
Home directory not accessible: Permission denied
Home directory not accessible: Permission denied
Home directory not accessible: Permission denied
Home directory not accessible: Permission denied
[Child 124, MediaDecoderStateMachine #1] WARNING: 7f68c275bc80 OpenCubeb() failed to init cubeb: file /build/firefox-39iLDY/firefox-79.0+build1/dom/media/AudioStream.cpp, line 330
[Child 124, MediaDecoderStateMachine #1] WARNING: Decoder=7f68c2407000 [OnMediaSinkAudioError]: file /build/firefox-39iLDY/firefox-79.0+build1/dom/media/MediaDecoderStateMachine.cpp, line 3891
JavaScript warning: https://pagead2.googlesyndication.com/bg/UBVKjIgL52oAupqoau5bmS4QFq3D8gEqQe5TpWWG23I.js line 1 > eval line 7698 > eval, line 1: WebGL warning: <Create>: getContext: Disallowing antialiased backbuffers due to blacklisting. (FEATURE_FAILURE_GLXTEST_FAILED)
JavaScript warning: https://pagead2.googlesyndication.com/bg/UBVKjIgL52oAupqoau5bmS4QFq3D8gEqQe5TpWWG23I.js line 1 > eval line 7698 > eval, line 1: WebGL warning: <Create>: Can't use WebGL in headless mode (https://bugzil.la/1375585).
JavaScript warning: https://pagead2.googlesyndication.com/bg/UBVKjIgL52oAupqoau5bmS4QFq3D8gEqQe5TpWWG23I.js line 1 > eval line 7698 > eval, line 1: Failed to create WebGL context: WebGL creation failed: 
* Can't use WebGL in headless mode (https://bugzil.la/1375585).
1608675936694	mozrunner::runner	INFO	Running command: "/usr/bin/firefox" "-marionette" "-headless" "-foreground" "-no-remote" "-profile" "/tmp/rust_mozprofileIxNuWa"
*** You are running in headless mode.
console.error: SearchCache: "_readCacheFile: Error reading cache file:" (new Error("", "(unknown module)"))
1608675938414	Marionette	INFO	Listening on port 40101
1608675938514	Marionette	WARN	TLS certificate errors will be ignored for this session
Home directory not accessible: Permission denied
Home directory not accessible: Permission denied
Home directory not accessible: Permission denied
Home directory not accessible: Permission denied
Home directory not accessible: Permission denied
[Child 429, MediaDecoderStateMachine #1] WARNING: 7f210f2fd570 OpenCubeb() failed to init cubeb: file /build/firefox-39iLDY/firefox-79.0+build1/dom/media/AudioStream.cpp, line 330
[Child 429, MediaDecoderStateMachine #1] WARNING: Decoder=7f210e8c6800 [OnMediaSinkAudioError]: file /build/firefox-39iLDY/firefox-79.0+build1/dom/media/MediaDecoderStateMachine.cpp, line 3891
JavaScript warning: https://pagead2.googlesyndication.com/bg/PbZvCEkorD5rxjWOexle1_regFmuc5-vrUA2zacPm4s.js line 1 > eval line 2092 > eval line 1 > eval, line 1: WebGL warning: <Create>: getContext: Disallowing antialiased backbuffers due to blacklisting. (FEATURE_FAILURE_GLXTEST_FAILED)
JavaScript warning: https://pagead2.googlesyndication.com/bg/PbZvCEkorD5rxjWOexle1_regFmuc5-vrUA2zacPm4s.js line 1 > eval line 2092 > eval line 1 > eval, line 1: WebGL warning: <Create>: Can't use WebGL in headless mode (https://bugzil.la/1375585).
JavaScript warning: https://pagead2.googlesyndication.com/bg/PbZvCEkorD5rxjWOexle1_regFmuc5-vrUA2zacPm4s.js line 1 > eval line 2092 > eval line 1 > eval, line 1: Failed to create WebGL context: WebGL creation failed: 
* Can't use WebGL in headless mode (https://bugzil.la/1375585).
1608676166274	mozrunner::runner	INFO	Running command: "/usr/bin/firefox" "-marionette" "-headless" "-foreground" "-no-remote" "-profile" "/tmp/rust_mozprofileNp995v"
*** You are running in headless mode.
console.error: SearchCache: "_readCacheFile: Error reading cache file:" (new Error("", "(unknown module)"))
1608676168165	Marionette	INFO	Listening on port 38269
1608676168241	Marionette	WARN	TLS certificate errors will be ignored for this session
Home directory not accessible: Permission denied
Home directory not accessible: Permission denied
Home directory not accessible: Permission denied
Home directory not accessible: Permission denied
Home directory not accessible: Permission denied
[Child 752, MediaDecoderStateMachine #1] WARNING: 7f03949ee600 OpenCubeb() failed to init cubeb: file /build/firefox-39iLDY/firefox-79.0+build1/dom/media/AudioStream.cpp, line 330
[Child 752, MediaDecoderStateMachine #1] WARNING: Decoder=7f03960d2800 [OnMediaSinkAudioError]: file /build/firefox-39iLDY/firefox-79.0+build1/dom/media/MediaDecoderStateMachine.cpp, line 3891
JavaScript warning: https://pagead2.googlesyndication.com/bg/UBVKjIgL52oAupqoau5bmS4QFq3D8gEqQe5TpWWG23I.js line 1 > eval line 4541 > eval line 1 > eval, line 1: WebGL warning: <Create>: getContext: Disallowing antialiased backbuffers due to blacklisting. (FEATURE_FAILURE_GLXTEST_FAILED)
JavaScript warning: https://pagead2.googlesyndication.com/bg/UBVKjIgL52oAupqoau5bmS4QFq3D8gEqQe5TpWWG23I.js line 1 > eval line 4541 > eval line 1 > eval, line 1: WebGL warning: <Create>: Can't use WebGL in headless mode (https://bugzil.la/1375585).
JavaScript warning: https://pagead2.googlesyndication.com/bg/UBVKjIgL52oAupqoau5bmS4QFq3D8gEqQe5TpWWG23I.js line 1 > eval line 4541 > eval line 1 > eval, line 1: Failed to create WebGL context: WebGL creation failed: 
* Can't use WebGL in headless mode (https://bugzil.la/1375585).
1608676234568	mozrunner::runner	INFO	Running command: "/usr/bin/firefox" "-marionette" "-headless" "-foreground" "-no-remote" "-profile" "/tmp/rust_mozprofilei1CJ5L"
*** You are running in headless mode.
console.error: SearchCache: "_readCacheFile: Error reading cache file:" (new Error("", "(unknown module)"))
1608676236306	Marionette	INFO	Listening on port 33337
1608676236384	Marionette	WARN	TLS certificate errors will be ignored for this session
Home directory not accessible: Permission denied
Home directory not accessible: Permission denied
Home directory not accessible: Permission denied
Home directory not accessible: Permission denied
Home directory not accessible: Permission denied
[Child 1067, MediaDecoderStateMachine #1] WARNING: 7fd73cd88390 OpenCubeb() failed to init cubeb: file /build/firefox-39iLDY/firefox-79.0+build1/dom/media/AudioStream.cpp, line 330
[Child 1067, MediaDecoderStateMachine #1] WARNING: Decoder=7fd5afee9400 [OnMediaSinkAudioError]: file /build/firefox-39iLDY/firefox-79.0+build1/dom/media/MediaDecoderStateMachine.cpp, line 3891
JavaScript warning: https://pagead2.googlesyndication.com/bg/PbZvCEkorD5rxjWOexle1_regFmuc5-vrUA2zacPm4s.js line 1 > eval line 4765 > eval line 1 > eval, line 1: WebGL warning: <Create>: getContext: Disallowing antialiased backbuffers due to blacklisting. (FEATURE_FAILURE_GLXTEST_FAILED)
JavaScript warning: https://pagead2.googlesyndication.com/bg/PbZvCEkorD5rxjWOexle1_regFmuc5-vrUA2zacPm4s.js line 1 > eval line 4765 > eval line 1 > eval, line 1: WebGL warning: <Create>: Can't use WebGL in headless mode (https://bugzil.la/1375585).
JavaScript warning: https://pagead2.googlesyndication.com/bg/PbZvCEkorD5rxjWOexle1_regFmuc5-vrUA2zacPm4s.js line 1 > eval line 4765 > eval line 1 > eval, line 1: Failed to create WebGL context: WebGL creation failed: 
* Can't use WebGL in headless mode (https://bugzil.la/1375585).
1608676323055	mozrunner::runner	INFO	Running command: "/usr/bin/firefox" "-marionette" "-headless" "-foreground" "-no-remote" "-profile" "/tmp/rust_mozprofileGSsEZ6"
*** You are running in headless mode.
console.error: SearchCache: "_readCacheFile: Error reading cache file:" (new Error("", "(unknown module)"))
1608676325148	Marionette	INFO	Listening on port 39525
1608676325167	Marionette	WARN	TLS certificate errors will be ignored for this session
Home directory not accessible: Permission denied
Home directory not accessible: Permission denied
Home directory not accessible: Permission denied
Home directory not accessible: Permission denied
Home directory not accessible: Permission denied
[Child 1377, MediaDecoderStateMachine #1] WARNING: 7f929975cc80 OpenCubeb() failed to init cubeb: file /build/firefox-39iLDY/firefox-79.0+build1/dom/media/AudioStream.cpp, line 330
[Child 1377, MediaDecoderStateMachine #1] WARNING: Decoder=7f9298330c00 [OnMediaSinkAudioError]: file /build/firefox-39iLDY/firefox-79.0+build1/dom/media/MediaDecoderStateMachine.cpp, line 3891
JavaScript warning: https://pagead2.googlesyndication.com/bg/UBVKjIgL52oAupqoau5bmS4QFq3D8gEqQe5TpWWG23I.js line 1 > eval line 1301 > eval, line 1: WebGL warning: <Create>: getContext: Disallowing antialiased backbuffers due to blacklisting. (FEATURE_FAILURE_GLXTEST_FAILED)
JavaScript warning: https://pagead2.googlesyndication.com/bg/UBVKjIgL52oAupqoau5bmS4QFq3D8gEqQe5TpWWG23I.js line 1 > eval line 1301 > eval, line 1: WebGL warning: <Create>: Can't use WebGL in headless mode (https://bugzil.la/1375585).
JavaScript warning: https://pagead2.googlesyndication.com/bg/UBVKjIgL52oAupqoau5bmS4QFq3D8gEqQe5TpWWG23I.js line 1 > eval line 1301 > eval, line 1: Failed to create WebGL context: WebGL creation failed: 
* Can't use WebGL in headless mode (https://bugzil.la/1375585).
1608676350762	Marionette	INFO	Stopped listening on port 39525
1608676382811	mozrunner::runner	INFO	Running command: "/usr/bin/firefox" "-marionette" "-headless" "-foreground" "-no-remote" "-profile" "/tmp/rust_mozprofilehGraGD"
*** You are running in headless mode.
console.error: SearchCache: "_readCacheFile: Error reading cache file:" (new Error("", "(unknown module)"))
1608676384793	Marionette	INFO	Listening on port 44999
1608676384822	Marionette	WARN	TLS certificate errors will be ignored for this session
Home directory not accessible: Permission denied
Home directory not accessible: Permission denied
Home directory not accessible: Permission denied
Home directory not accessible: Permission denied
Home directory not accessible: Permission denied
[Child 1692, MediaDecoderStateMachine #1] WARNING: 7f7279a33d50 OpenCubeb() failed to init cubeb: file /build/firefox-39iLDY/firefox-79.0+build1/dom/media/AudioStream.cpp, line 330
[Child 1692, MediaDecoderStateMachine #1] WARNING: Decoder=7f70ceabbc00 [OnMediaSinkAudioError]: file /build/firefox-39iLDY/firefox-79.0+build1/dom/media/MediaDecoderStateMachine.cpp, line 3891
JavaScript warning: https://pagead2.googlesyndication.com/bg/PbZvCEkorD5rxjWOexle1_regFmuc5-vrUA2zacPm4s.js line 1 > eval line 7209 > eval line 1 > eval, line 1: WebGL warning: <Create>: getContext: Disallowing antialiased backbuffers due to blacklisting. (FEATURE_FAILURE_GLXTEST_FAILED)
JavaScript warning: https://pagead2.googlesyndication.com/bg/PbZvCEkorD5rxjWOexle1_regFmuc5-vrUA2zacPm4s.js line 1 > eval line 7209 > eval line 1 > eval, line 1: WebGL warning: <Create>: Can't use WebGL in headless mode (https://bugzil.la/1375585).
JavaScript warning: https://pagead2.googlesyndication.com/bg/PbZvCEkorD5rxjWOexle1_regFmuc5-vrUA2zacPm4s.js line 1 > eval line 7209 > eval line 1 > eval, line 1: Failed to create WebGL context: WebGL creation failed: 
* Can't use WebGL in headless mode (https://bugzil.la/1375585).
1608676410206	Marionette	INFO	Stopped listening on port 44999
1608676586564	mozrunner::runner	INFO	Running command: "/usr/bin/firefox" "-marionette" "-headless" "-foreground" "-no-remote" "-profile" "/tmp/rust_mozprofileq4B2JX"
*** You are running in headless mode.
console.error: SearchCache: "_readCacheFile: Error reading cache file:" (new Error("", "(unknown module)"))
1608676588340	Marionette	INFO	Listening on port 34581
1608676588371	Marionette	WARN	TLS certificate errors will be ignored for this session
JavaScript warning: https://pagead2.googlesyndication.com/bg/PbZvCEkorD5rxjWOexle1_regFmuc5-vrUA2zacPm4s.js line 1 > eval line 3828 > eval line 1 > eval, line 1: WebGL warning: <Create>: getContext: Disallowing antialiased backbuffers due to blacklisting. (FEATURE_FAILURE_GLXTEST_FAILED)
JavaScript warning: https://pagead2.googlesyndication.com/bg/PbZvCEkorD5rxjWOexle1_regFmuc5-vrUA2zacPm4s.js line 1 > eval line 3828 > eval line 1 > eval, line 1: WebGL warning: <Create>: Can't use WebGL in headless mode (https://bugzil.la/1375585).
JavaScript warning: https://pagead2.googlesyndication.com/bg/PbZvCEkorD5rxjWOexle1_regFmuc5-vrUA2zacPm4s.js line 1 > eval line 3828 > eval line 1 > eval, line 1: Failed to create WebGL context: WebGL creation failed: 
* Can't use WebGL in headless mode (https://bugzil.la/1375585).
Home directory not accessible: Permission denied
Home directory not accessible: Permission denied
Home directory not accessible: Permission denied
Home directory not accessible: Permission denied
Home directory not accessible: Permission denied
[Child 2056, MediaDecoderStateMachine #1] WARNING: 7f53f2d2c3d0 OpenCubeb() failed to init cubeb: file /build/firefox-39iLDY/firefox-79.0+build1/dom/media/AudioStream.cpp, line 330
[Child 2056, MediaDecoderStateMachine #1] WARNING: Decoder=7f53f2884000 [OnMediaSinkAudioError]: file /build/firefox-39iLDY/firefox-79.0+build1/dom/media/MediaDecoderStateMachine.cpp, line 3891
1608676614088	Marionette	INFO	Stopped listening on port 34581
1608676650496	mozrunner::runner	INFO	Running command: "/usr/bin/firefox" "-marionette" "-headless" "-foreground" "-no-remote" "-profile" "/tmp/rust_mozprofile9mQgUj"
*** You are running in headless mode.
console.error: SearchCache: "_readCacheFile: Error reading cache file:" (new Error("", "(unknown module)"))
1608676652702	Marionette	INFO	Listening on port 36493
1608676652803	Marionette	WARN	TLS certificate errors will be ignored for this session
Home directory not accessible: Permission denied
Home directory not accessible: Permission denied
Home directory not accessible: Permission denied
Home directory not accessible: Permission denied
Home directory not accessible: Permission denied
[Child 2380, MediaDecoderStateMachine #1] WARNING: 7fad23a664a0 OpenCubeb() failed to init cubeb: file /build/firefox-39iLDY/firefox-79.0+build1/dom/media/AudioStream.cpp, line 330
[Child 2380, MediaDecoderStateMachine #1] WARNING: Decoder=7fad22444c00 [OnMediaSinkAudioError]: file /build/firefox-39iLDY/firefox-79.0+build1/dom/media/MediaDecoderStateMachine.cpp, line 3891
JavaScript warning: https://pagead2.googlesyndication.com/bg/UBVKjIgL52oAupqoau5bmS4QFq3D8gEqQe5TpWWG23I.js line 1 > eval line 1721 > eval, line 1: WebGL warning: <Create>: getContext: Disallowing antialiased backbuffers due to blacklisting. (FEATURE_FAILURE_GLXTEST_FAILED)
JavaScript warning: https://pagead2.googlesyndication.com/bg/UBVKjIgL52oAupqoau5bmS4QFq3D8gEqQe5TpWWG23I.js line 1 > eval line 1721 > eval, line 1: WebGL warning: <Create>: Can't use WebGL in headless mode (https://bugzil.la/1375585).
JavaScript warning: https://pagead2.googlesyndication.com/bg/UBVKjIgL52oAupqoau5bmS4QFq3D8gEqQe5TpWWG23I.js line 1 > eval line 1721 > eval, line 1: Failed to create WebGL context: WebGL creation failed: 
* Can't use WebGL in headless mode (https://bugzil.la/1375585).
1608676713518	Marionette	INFO	Stopped listening on port 36493
1608677301196	mozrunner::runner	INFO	Running command: "/usr/bin/firefox" "-marionette" "-headless" "-foreground" "-no-remote" "-profile" "/tmp/rust_mozprofileupR0NZ"
*** You are running in headless mode.
console.error: SearchCache: "_readCacheFile: Error reading cache file:" (new Error("", "(unknown module)"))
1608677302875	Marionette	INFO	Listening on port 40897
1608677302903	Marionette	WARN	TLS certificate errors will be ignored for this session
Home directory not accessible: Permission denied
Home directory not accessible: Permission denied
Home directory not accessible: Permission denied
Home directory not accessible: Permission denied
[Child 2773, MediaDecoderStateMachine #1] WARNING: 7f23c19f2980 OpenCubeb() failed to init cubeb: file /build/firefox-39iLDY/firefox-79.0+build1/dom/media/AudioStream.cpp, line 330
[Child 2773, MediaDecoderStateMachine #1] WARNING: Decoder=7f22408cbc00 [OnMediaSinkAudioError]: file /build/firefox-39iLDY/firefox-79.0+build1/dom/media/MediaDecoderStateMachine.cpp, line 3891
Home directory not accessible: Permission denied
JavaScript warning: https://pagead2.googlesyndication.com/bg/UBVKjIgL52oAupqoau5bmS4QFq3D8gEqQe5TpWWG23I.js line 1 > eval line 7248 > eval, line 1: WebGL warning: <Create>: getContext: Disallowing antialiased backbuffers due to blacklisting. (FEATURE_FAILURE_GLXTEST_FAILED)
JavaScript warning: https://pagead2.googlesyndication.com/bg/UBVKjIgL52oAupqoau5bmS4QFq3D8gEqQe5TpWWG23I.js line 1 > eval line 7248 > eval, line 1: WebGL warning: <Create>: Can't use WebGL in headless mode (https://bugzil.la/1375585).
JavaScript warning: https://pagead2.googlesyndication.com/bg/UBVKjIgL52oAupqoau5bmS4QFq3D8gEqQe5TpWWG23I.js line 1 > eval line 7248 > eval, line 1: Failed to create WebGL context: WebGL creation failed: 
* Can't use WebGL in headless mode (https://bugzil.la/1375585).
1608677369135	mozrunner::runner	INFO	Running command: "/usr/bin/firefox" "-marionette" "-headless" "-foreground" "-no-remote" "-profile" "/tmp/rust_mozprofileuTSFIt"
*** You are running in headless mode.
console.error: SearchCache: "_readCacheFile: Error reading cache file:" (new Error("", "(unknown module)"))
1608677371080	Marionette	INFO	Listening on port 33175
1608677371142	Marionette	WARN	TLS certificate errors will be ignored for this session
Home directory not accessible: Permission denied
Home directory not accessible: Permission denied
Home directory not accessible: Permission denied
Home directory not accessible: Permission denied
Home directory not accessible: Permission denied
[Child 3079, MediaDecoderStateMachine #1] WARNING: 7f36eb471160 OpenCubeb() failed to init cubeb: file /build/firefox-39iLDY/firefox-79.0+build1/dom/media/AudioStream.cpp, line 330
[Child 3079, MediaDecoderStateMachine #1] WARNING: Decoder=7f356a11e400 [OnMediaSinkAudioError]: file /build/firefox-39iLDY/firefox-79.0+build1/dom/media/MediaDecoderStateMachine.cpp, line 3891
JavaScript warning: https://pagead2.googlesyndication.com/bg/PbZvCEkorD5rxjWOexle1_regFmuc5-vrUA2zacPm4s.js line 1 > eval line 4652 > eval, line 1: WebGL warning: <Create>: getContext: Disallowing antialiased backbuffers due to blacklisting. (FEATURE_FAILURE_GLXTEST_FAILED)
JavaScript warning: https://pagead2.googlesyndication.com/bg/PbZvCEkorD5rxjWOexle1_regFmuc5-vrUA2zacPm4s.js line 1 > eval line 4652 > eval, line 1: WebGL warning: <Create>: Can't use WebGL in headless mode (https://bugzil.la/1375585).
JavaScript warning: https://pagead2.googlesyndication.com/bg/PbZvCEkorD5rxjWOexle1_regFmuc5-vrUA2zacPm4s.js line 1 > eval line 4652 > eval, line 1: Failed to create WebGL context: WebGL creation failed: 
* Can't use WebGL in headless mode (https://bugzil.la/1375585).
1608677422339	mozrunner::runner	INFO	Running command: "/usr/bin/firefox" "-marionette" "-headless" "-foreground" "-no-remote" "-profile" "/tmp/rust_mozprofileLFkTCs"
*** You are running in headless mode.
console.error: SearchCache: "_readCacheFile: Error reading cache file:" (new Error("", "(unknown module)"))
1608677424388	Marionette	INFO	Listening on port 37517
1608677424446	Marionette	WARN	TLS certificate errors will be ignored for this session
Home directory not accessible: Permission denied
Home directory not accessible: Permission denied
Home directory not accessible: Permission denied
Home directory not accessible: Permission denied
Home directory not accessible: Permission denied
[Child 3397, MediaDecoderStateMachine #1] WARNING: 7fb0ddffe4a0 OpenCubeb() failed to init cubeb: file /build/firefox-39iLDY/firefox-79.0+build1/dom/media/AudioStream.cpp, line 330
[Child 3397, MediaDecoderStateMachine #1] WARNING: Decoder=7faf5c40ec00 [OnMediaSinkAudioError]: file /build/firefox-39iLDY/firefox-79.0+build1/dom/media/MediaDecoderStateMachine.cpp, line 3891
JavaScript warning: https://pagead2.googlesyndication.com/bg/UBVKjIgL52oAupqoau5bmS4QFq3D8gEqQe5TpWWG23I.js line 1 > eval line 2642 > eval, line 1: WebGL warning: <Create>: getContext: Disallowing antialiased backbuffers due to blacklisting. (FEATURE_FAILURE_GLXTEST_FAILED)
JavaScript warning: https://pagead2.googlesyndication.com/bg/UBVKjIgL52oAupqoau5bmS4QFq3D8gEqQe5TpWWG23I.js line 1 > eval line 2642 > eval, line 1: WebGL warning: <Create>: Can't use WebGL in headless mode (https://bugzil.la/1375585).
JavaScript warning: https://pagead2.googlesyndication.com/bg/UBVKjIgL52oAupqoau5bmS4QFq3D8gEqQe5TpWWG23I.js line 1 > eval line 2642 > eval, line 1: Failed to create WebGL context: WebGL creation failed: 
* Can't use WebGL in headless mode (https://bugzil.la/1375585).
1608677539718	mozrunner::runner	INFO	Running command: "/usr/bin/firefox" "-marionette" "-headless" "-foreground" "-no-remote" "-profile" "/tmp/rust_mozprofile3v2gK4"
*** You are running in headless mode.
console.error: SearchCache: "_readCacheFile: Error reading cache file:" (new Error("", "(unknown module)"))
1608677541843	Marionette	INFO	Listening on port 46563
1608677541938	Marionette	WARN	TLS certificate errors will be ignored for this session
Home directory not accessible: Permission denied
Home directory not accessible: Permission denied
Home directory not accessible: Permission denied
Home directory not accessible: Permission denied
Home directory not accessible: Permission denied
[Child 3751, MediaDecoderStateMachine #1] WARNING: 7efbd171a390 OpenCubeb() failed to init cubeb: file /build/firefox-39iLDY/firefox-79.0+build1/dom/media/AudioStream.cpp, line 330
[Child 3751, MediaDecoderStateMachine #1] WARNING: Decoder=7efbd18f3400 [OnMediaSinkAudioError]: file /build/firefox-39iLDY/firefox-79.0+build1/dom/media/MediaDecoderStateMachine.cpp, line 3891
JavaScript warning: https://pagead2.googlesyndication.com/bg/UBVKjIgL52oAupqoau5bmS4QFq3D8gEqQe5TpWWG23I.js line 1 > eval line 3545 > eval line 1 > eval, line 1: WebGL warning: <Create>: getContext: Disallowing antialiased backbuffers due to blacklisting. (FEATURE_FAILURE_GLXTEST_FAILED)
JavaScript warning: https://pagead2.googlesyndication.com/bg/UBVKjIgL52oAupqoau5bmS4QFq3D8gEqQe5TpWWG23I.js line 1 > eval line 3545 > eval line 1 > eval, line 1: WebGL warning: <Create>: Can't use WebGL in headless mode (https://bugzil.la/1375585).
JavaScript warning: https://pagead2.googlesyndication.com/bg/UBVKjIgL52oAupqoau5bmS4QFq3D8gEqQe5TpWWG23I.js line 1 > eval line 3545 > eval line 1 > eval, line 1: Failed to create WebGL context: WebGL creation failed: 
* Can't use WebGL in headless mode (https://bugzil.la/1375585).
1608677578151	mozrunner::runner	INFO	Running command: "/usr/bin/firefox" "-marionette" "-headless" "-foreground" "-no-remote" "-profile" "/tmp/rust_mozprofileZqlNdZ"
*** You are running in headless mode.
console.error: SearchCache: "_readCacheFile: Error reading cache file:" (new Error("", "(unknown module)"))
1608677580313	Marionette	INFO	Listening on port 36171
1608677580385	Marionette	WARN	TLS certificate errors will be ignored for this session
Home directory not accessible: Permission denied
Home directory not accessible: Permission denied
Home directory not accessible: Permission denied
Home directory not accessible: Permission denied
Home directory not accessible: Permission denied
[Child 4116, MediaDecoderStateMachine #1] WARNING: 7f41d23cdd50 OpenCubeb() failed to init cubeb: file /build/firefox-39iLDY/firefox-79.0+build1/dom/media/AudioStream.cpp, line 330
[Child 4116, MediaDecoderStateMachine #1] WARNING: Decoder=7f405118b400 [OnMediaSinkAudioError]: file /build/firefox-39iLDY/firefox-79.0+build1/dom/media/MediaDecoderStateMachine.cpp, line 3891
JavaScript warning: https://pagead2.googlesyndication.com/bg/PbZvCEkorD5rxjWOexle1_regFmuc5-vrUA2zacPm4s.js line 1 > eval line 7804 > eval line 1 > eval, line 1: WebGL warning: <Create>: getContext: Disallowing antialiased backbuffers due to blacklisting. (FEATURE_FAILURE_GLXTEST_FAILED)
JavaScript warning: https://pagead2.googlesyndication.com/bg/PbZvCEkorD5rxjWOexle1_regFmuc5-vrUA2zacPm4s.js line 1 > eval line 7804 > eval line 1 > eval, line 1: WebGL warning: <Create>: Can't use WebGL in headless mode (https://bugzil.la/1375585).
JavaScript warning: https://pagead2.googlesyndication.com/bg/PbZvCEkorD5rxjWOexle1_regFmuc5-vrUA2zacPm4s.js line 1 > eval line 7804 > eval line 1 > eval, line 1: Failed to create WebGL context: WebGL creation failed: 
* Can't use WebGL in headless mode (https://bugzil.la/1375585).
1608677691109	mozrunner::runner	INFO	Running command: "/usr/bin/firefox" "-marionette" "-headless" "-foreground" "-no-remote" "-profile" "/tmp/rust_mozprofileo8i4aG"
*** You are running in headless mode.
console.error: SearchCache: "_readCacheFile: Error reading cache file:" (new Error("", "(unknown module)"))
1608677693407	Marionette	INFO	Listening on port 34829
1608677693440	Marionette	WARN	TLS certificate errors will be ignored for this session
Home directory not accessible: Permission denied
Home directory not accessible: Permission denied
Home directory not accessible: Permission denied
Home directory not accessible: Permission denied
Home directory not accessible: Permission denied
[Child 4497, MediaDecoderStateMachine #1] WARNING: 7f12ec1cd870 OpenCubeb() failed to init cubeb: file /build/firefox-39iLDY/firefox-79.0+build1/dom/media/AudioStream.cpp, line 330
[Child 4497, MediaDecoderStateMachine #1] WARNING: Decoder=7f1167fdc000 [OnMediaSinkAudioError]: file /build/firefox-39iLDY/firefox-79.0+build1/dom/media/MediaDecoderStateMachine.cpp, line 3891
JavaScript warning: https://pagead2.googlesyndication.com/bg/PbZvCEkorD5rxjWOexle1_regFmuc5-vrUA2zacPm4s.js line 1 > eval line 688 > eval, line 1: WebGL warning: <Create>: getContext: Disallowing antialiased backbuffers due to blacklisting. (FEATURE_FAILURE_GLXTEST_FAILED)
JavaScript warning: https://pagead2.googlesyndication.com/bg/PbZvCEkorD5rxjWOexle1_regFmuc5-vrUA2zacPm4s.js line 1 > eval line 688 > eval, line 1: WebGL warning: <Create>: Can't use WebGL in headless mode (https://bugzil.la/1375585).
JavaScript warning: https://pagead2.googlesyndication.com/bg/PbZvCEkorD5rxjWOexle1_regFmuc5-vrUA2zacPm4s.js line 1 > eval line 688 > eval, line 1: Failed to create WebGL context: WebGL creation failed: 
* Can't use WebGL in headless mode (https://bugzil.la/1375585).
1608677793095	mozrunner::runner	INFO	Running command: "/usr/bin/firefox" "-marionette" "-headless" "-foreground" "-no-remote" "-profile" "/tmp/rust_mozprofilebsE98W"
*** You are running in headless mode.
console.error: SearchCache: "_readCacheFile: Error reading cache file:" (new Error("", "(unknown module)"))
1608677794723	Marionette	INFO	Listening on port 35275
1608677795053	Marionette	WARN	TLS certificate errors will be ignored for this session
Home directory not accessible: Permission denied
Home directory not accessible: Permission denied
Home directory not accessible: Permission denied
Home directory not accessible: Permission denied
Home directory not accessible: Permission denied
[Child 4890, MediaDecoderStateMachine #1] WARNING: 7f7ceeedf6d0 OpenCubeb() failed to init cubeb: file /build/firefox-39iLDY/firefox-79.0+build1/dom/media/AudioStream.cpp, line 330
[Child 4890, MediaDecoderStateMachine #1] WARNING: Decoder=7f7b6abb7400 [OnMediaSinkAudioError]: file /build/firefox-39iLDY/firefox-79.0+build1/dom/media/MediaDecoderStateMachine.cpp, line 3891
JavaScript warning: https://pagead2.googlesyndication.com/bg/PbZvCEkorD5rxjWOexle1_regFmuc5-vrUA2zacPm4s.js line 1 > eval line 6430 > eval, line 1: WebGL warning: <Create>: getContext: Disallowing antialiased backbuffers due to blacklisting. (FEATURE_FAILURE_GLXTEST_FAILED)
JavaScript warning: https://pagead2.googlesyndication.com/bg/PbZvCEkorD5rxjWOexle1_regFmuc5-vrUA2zacPm4s.js line 1 > eval line 6430 > eval, line 1: WebGL warning: <Create>: Can't use WebGL in headless mode (https://bugzil.la/1375585).
JavaScript warning: https://pagead2.googlesyndication.com/bg/PbZvCEkorD5rxjWOexle1_regFmuc5-vrUA2zacPm4s.js line 1 > eval line 6430 > eval, line 1: Failed to create WebGL context: WebGL creation failed: 
* Can't use WebGL in headless mode (https://bugzil.la/1375585).
1608677839562	mozrunner::runner	INFO	Running command: "/usr/bin/firefox" "-marionette" "-headless" "-foreground" "-no-remote" "-profile" "/tmp/rust_mozprofile7YANsd"
*** You are running in headless mode.
console.error: SearchCache: "_readCacheFile: Error reading cache file:" (new Error("", "(unknown module)"))
1608677841903	Marionette	INFO	Listening on port 46039
1608677841999	Marionette	WARN	TLS certificate errors will be ignored for this session
Home directory not accessible: Permission denied
Home directory not accessible: Permission denied
Home directory not accessible: Permission denied
Home directory not accessible: Permission denied
Home directory not accessible: Permission denied
[Child 5227, MediaDecoderStateMachine #1] WARNING: 7fa6033a6600 OpenCubeb() failed to init cubeb: file /build/firefox-39iLDY/firefox-79.0+build1/dom/media/AudioStream.cpp, line 330
[Child 5227, MediaDecoderStateMachine #1] WARNING: Decoder=7fa472652800 [OnMediaSinkAudioError]: file /build/firefox-39iLDY/firefox-79.0+build1/dom/media/MediaDecoderStateMachine.cpp, line 3891
JavaScript warning: https://pagead2.googlesyndication.com/bg/PbZvCEkorD5rxjWOexle1_regFmuc5-vrUA2zacPm4s.js line 1 > eval line 3165 > eval line 1 > eval, line 1: WebGL warning: <Create>: getContext: Disallowing antialiased backbuffers due to blacklisting. (FEATURE_FAILURE_GLXTEST_FAILED)
JavaScript warning: https://pagead2.googlesyndication.com/bg/PbZvCEkorD5rxjWOexle1_regFmuc5-vrUA2zacPm4s.js line 1 > eval line 3165 > eval line 1 > eval, line 1: WebGL warning: <Create>: Can't use WebGL in headless mode (https://bugzil.la/1375585).
JavaScript warning: https://pagead2.googlesyndication.com/bg/PbZvCEkorD5rxjWOexle1_regFmuc5-vrUA2zacPm4s.js line 1 > eval line 3165 > eval line 1 > eval, line 1: Failed to create WebGL context: WebGL creation failed: 
* Can't use WebGL in headless mode (https://bugzil.la/1375585).
1608677905243	mozrunner::runner	INFO	Running command: "/usr/bin/firefox" "-marionette" "-headless" "-foreground" "-no-remote" "-profile" "/tmp/rust_mozprofileBDVhJY"
*** You are running in headless mode.
console.error: SearchCache: "_readCacheFile: Error reading cache file:" (new Error("", "(unknown module)"))
1608677907373	Marionette	INFO	Listening on port 39483
1608677907449	Marionette	WARN	TLS certificate errors will be ignored for this session
Home directory not accessible: Permission denied
Home directory not accessible: Permission denied
Home directory not accessible: Permission denied
Home directory not accessible: Permission denied
Home directory not accessible: Permission denied
[Child 5582, MediaDecoderStateMachine #1] WARNING: 7ff5139da090 OpenCubeb() failed to init cubeb: file /build/firefox-39iLDY/firefox-79.0+build1/dom/media/AudioStream.cpp, line 330
[Child 5582, MediaDecoderStateMachine #1] WARNING: Decoder=7ff38329cc00 [OnMediaSinkAudioError]: file /build/firefox-39iLDY/firefox-79.0+build1/dom/media/MediaDecoderStateMachine.cpp, line 3891
JavaScript warning: https://pagead2.googlesyndication.com/bg/UBVKjIgL52oAupqoau5bmS4QFq3D8gEqQe5TpWWG23I.js line 1 > eval line 996 > eval, line 1: WebGL warning: <Create>: getContext: Disallowing antialiased backbuffers due to blacklisting. (FEATURE_FAILURE_GLXTEST_FAILED)
JavaScript warning: https://pagead2.googlesyndication.com/bg/UBVKjIgL52oAupqoau5bmS4QFq3D8gEqQe5TpWWG23I.js line 1 > eval line 996 > eval, line 1: WebGL warning: <Create>: Can't use WebGL in headless mode (https://bugzil.la/1375585).
JavaScript warning: https://pagead2.googlesyndication.com/bg/UBVKjIgL52oAupqoau5bmS4QFq3D8gEqQe5TpWWG23I.js line 1 > eval line 996 > eval, line 1: Failed to create WebGL context: WebGL creation failed: 
* Can't use WebGL in headless mode (https://bugzil.la/1375585).
1608677933186	Marionette	INFO	Stopped listening on port 39483
1608678239308	mozrunner::runner	INFO	Running command: "/usr/bin/firefox" "-marionette" "-headless" "-foreground" "-no-remote" "-profile" "/tmp/rust_mozprofile1FpEce"
*** You are running in headless mode.
console.error: SearchCache: "_readCacheFile: Error reading cache file:" (new Error("", "(unknown module)"))
1608678241078	Marionette	INFO	Listening on port 37035
1608678241352	Marionette	WARN	TLS certificate errors will be ignored for this session
Home directory not accessible: Permission denied
Home directory not accessible: Permission denied
Home directory not accessible: Permission denied
Home directory not accessible: Permission denied
Home directory not accessible: Permission denied
[Child 6164, MediaDecoderStateMachine #1] WARNING: 7fec342c0980 OpenCubeb() failed to init cubeb: file /build/firefox-39iLDY/firefox-79.0+build1/dom/media/AudioStream.cpp, line 330
[Child 6164, MediaDecoderStateMachine #1] WARNING: Decoder=7feaa415d000 [OnMediaSinkAudioError]: file /build/firefox-39iLDY/firefox-79.0+build1/dom/media/MediaDecoderStateMachine.cpp, line 3891
JavaScript warning: https://pagead2.googlesyndication.com/bg/PbZvCEkorD5rxjWOexle1_regFmuc5-vrUA2zacPm4s.js line 1 > eval line 6292 > eval line 1 > eval, line 1: WebGL warning: <Create>: getContext: Disallowing antialiased backbuffers due to blacklisting. (FEATURE_FAILURE_GLXTEST_FAILED)
JavaScript warning: https://pagead2.googlesyndication.com/bg/PbZvCEkorD5rxjWOexle1_regFmuc5-vrUA2zacPm4s.js line 1 > eval line 6292 > eval line 1 > eval, line 1: WebGL warning: <Create>: Can't use WebGL in headless mode (https://bugzil.la/1375585).
JavaScript warning: https://pagead2.googlesyndication.com/bg/PbZvCEkorD5rxjWOexle1_regFmuc5-vrUA2zacPm4s.js line 1 > eval line 6292 > eval line 1 > eval, line 1: Failed to create WebGL context: WebGL creation failed: 
* Can't use WebGL in headless mode (https://bugzil.la/1375585).
1608678267722	Marionette	INFO	Stopped listening on port 37035
